<?xml version="1.0" encoding="UTF-8"?>
<coverage generated="1674163671814" clover="3.2.0">
  <project timestamp="1674163671814" name="All files">
    <metrics statements="22" coveredstatements="16" conditionals="8" coveredconditionals="7" methods="10" coveredmethods="6" elements="40" coveredelements="29" complexity="0" loc="22" ncloc="22" packages="2" files="2" classes="2"/>
    <package name="db">
      <metrics statements="3" coveredstatements="3" conditionals="0" coveredconditionals="0" methods="0" coveredmethods="0"/>
      <file name="dbconfig.js" path="/home/lmoraesdev/workspace/test-backend/test1/api/src/db/dbconfig.js">
        <metrics statements="3" coveredstatements="3" conditionals="0" coveredconditionals="0" methods="0" coveredmethods="0"/>
        <line num="5" count="1" type="stmt"/>
        <line num="6" count="1" type="stmt"/>
        <line num="8" count="1" type="stmt"/>
      </file>
    </package>
    <package name="models">
      <metrics statements="19" coveredstatements="13" conditionals="8" coveredconditionals="7" methods="10" coveredmethods="6"/>
      <file name="editora.js" path="/home/lmoraesdev/workspace/test-backend/test1/api/src/models/editora.js">
        <metrics statements="19" coveredstatements="13" conditionals="8" coveredconditionals="7" methods="10" coveredmethods="6"/>
        <line num="9" count="3" type="cond" truecount="2" falsecount="0"/>
        <line num="10" count="3" type="stmt"/>
        <line num="11" count="3" type="stmt"/>
        <line num="12" count="3" type="stmt"/>
        <line num="13" count="3" type="cond" truecount="2" falsecount="0"/>
        <line num="14" count="3" type="cond" truecount="2" falsecount="0"/>
        <line num="18" count="0" type="stmt"/>
        <line num="22" count="1" type="stmt"/>
        <line num="23" count="1" type="stmt"/>
        <line num="27" count="1" type="stmt"/>
        <line num="29" count="1" type="stmt"/>
        <line num="30" count="1" type="stmt"/>
        <line num="35" count="0" type="stmt"/>
        <line num="39" count="0" type="stmt"/>
        <line num="44" count="0" type="stmt"/>
        <line num="51" count="1" type="cond" truecount="1" falsecount="1"/>
        <line num="52" count="0" type="stmt"/>
        <line num="54" count="1" type="stmt"/>
        <line num="58" count="0" type="stmt"/>
      </file>
    </package>
  </project>
</coverage>
