TN:
SF:src/db/dbconfig.js
FNF:0
FNH:0
DA:5,1
DA:6,1
DA:8,1
LF:3
LH:3
BRF:0
BRH:0
end_of_record
TN:
SF:src/models/editora.js
FN:6,(anonymous_0)
FN:17,(anonymous_1)
FN:21,(anonymous_2)
FN:26,(anonymous_3)
FN:29,(anonymous_4)
FN:30,(anonymous_5)
FN:33,(anonymous_6)
FN:42,(anonymous_7)
FN:47,(anonymous_8)
FN:57,(anonymous_9)
FNF:10
FNH:6
FNDA:3,(anonymous_0)
FNDA:0,(anonymous_1)
FNDA:1,(anonymous_2)
FNDA:1,(anonymous_3)
FNDA:1,(anonymous_4)
FNDA:1,(anonymous_5)
FNDA:0,(anonymous_6)
FNDA:0,(anonymous_7)
FNDA:1,(anonymous_8)
FNDA:0,(anonymous_9)
DA:9,3
DA:10,3
DA:11,3
DA:12,3
DA:13,3
DA:14,3
DA:18,0
DA:22,1
DA:23,1
DA:27,1
DA:29,1
DA:30,1
DA:35,0
DA:39,0
DA:44,0
DA:51,1
DA:52,0
DA:54,1
DA:58,0
LF:19
LH:13
BRDA:9,0,0,3
BRDA:9,0,1,3
BRDA:13,1,0,3
BRDA:13,1,1,2
BRDA:14,2,0,3
BRDA:14,2,1,2
BRDA:51,3,0,0
BRDA:51,3,1,1
BRF:8
BRH:7
end_of_record
