{"/home/lmoraesdev/workspace/test-backend/test1/api/src/db/dbconfig.js": {"path":"/home/lmoraesdev/workspace/test-backend/test1/api/src/db/dbconfig.js","statementMap":{"0":{"start":{"line":5,"column":19},"end":{"line":5,"column":49}},"1":{"start":{"line":6,"column":18},"end":{"line":6,"column":42}},"2":{"start":{"line":8,"column":11},"end":{"line":14,"column":2}}},"fnMap":{},"branchMap":{},"s":{"0":1,"1":1,"2":1},"f":{},"b":{},"_coverageSchema":"1a1c01bbd47fc00a2c39e90264f33305004495a9","hash":"2d8903818f6ec3d9a7d48c73bdbbecfb5621e067"}
,"/home/lmoraesdev/workspace/test-backend/test1/api/src/models/editora.js": {"path":"/home/lmoraesdev/workspace/test-backend/test1/api/src/models/editora.js","statementMap":{"0":{"start":{"line":9,"column":4},"end":{"line":9,"column":25}},"1":{"start":{"line":10,"column":4},"end":{"line":10,"column":21}},"2":{"start":{"line":11,"column":4},"end":{"line":11,"column":25}},"3":{"start":{"line":12,"column":4},"end":{"line":12,"column":23}},"4":{"start":{"line":13,"column":4},"end":{"line":13,"column":61}},"5":{"start":{"line":14,"column":4},"end":{"line":14,"column":61}},"6":{"start":{"line":18,"column":4},"end":{"line":18,"column":43}},"7":{"start":{"line":22,"column":22},"end":{"line":22,"column":73}},"8":{"start":{"line":23,"column":4},"end":{"line":23,"column":24}},"9":{"start":{"line":27,"column":4},"end":{"line":30,"column":74}},"10":{"start":{"line":29,"column":32},"end":{"line":29,"column":77}},"11":{"start":{"line":30,"column":37},"end":{"line":30,"column":72}},"12":{"start":{"line":35,"column":4},"end":{"line":37,"column":65}},"13":{"start":{"line":39,"column":4},"end":{"line":39,"column":57}},"14":{"start":{"line":44,"column":4},"end":{"line":44,"column":45}},"15":{"start":{"line":51,"column":4},"end":{"line":53,"column":5}},"16":{"start":{"line":52,"column":6},"end":{"line":52,"column":37}},"17":{"start":{"line":54,"column":4},"end":{"line":54,"column":24}},"18":{"start":{"line":58,"column":4},"end":{"line":58,"column":57}}},"fnMap":{"0":{"name":"(anonymous_0)","decl":{"start":{"line":6,"column":2},"end":{"line":6,"column":3}},"loc":{"start":{"line":8,"column":5},"end":{"line":15,"column":3}},"line":8},"1":{"name":"(anonymous_1)","decl":{"start":{"line":17,"column":2},"end":{"line":17,"column":3}},"loc":{"start":{"line":17,"column":31},"end":{"line":19,"column":3}},"line":17},"2":{"name":"(anonymous_2)","decl":{"start":{"line":21,"column":2},"end":{"line":21,"column":3}},"loc":{"start":{"line":21,"column":31},"end":{"line":24,"column":3}},"line":21},"3":{"name":"(anonymous_3)","decl":{"start":{"line":26,"column":2},"end":{"line":26,"column":3}},"loc":{"start":{"line":26,"column":16},"end":{"line":31,"column":3}},"line":26},"4":{"name":"(anonymous_4)","decl":{"start":{"line":29,"column":12},"end":{"line":29,"column":13}},"loc":{"start":{"line":29,"column":32},"end":{"line":29,"column":77}},"line":29},"5":{"name":"(anonymous_5)","decl":{"start":{"line":30,"column":12},"end":{"line":30,"column":13}},"loc":{"start":{"line":30,"column":37},"end":{"line":30,"column":72}},"line":30},"6":{"name":"(anonymous_6)","decl":{"start":{"line":33,"column":2},"end":{"line":33,"column":3}},"loc":{"start":{"line":33,"column":22},"end":{"line":40,"column":3}},"line":33},"7":{"name":"(anonymous_7)","decl":{"start":{"line":42,"column":2},"end":{"line":42,"column":3}},"loc":{"start":{"line":42,"column":27},"end":{"line":45,"column":3}},"line":42},"8":{"name":"(anonymous_8)","decl":{"start":{"line":47,"column":2},"end":{"line":47,"column":3}},"loc":{"start":{"line":47,"column":17},"end":{"line":55,"column":3}},"line":47},"9":{"name":"(anonymous_9)","decl":{"start":{"line":57,"column":2},"end":{"line":57,"column":3}},"loc":{"start":{"line":57,"column":48},"end":{"line":59,"column":3}},"line":57}},"branchMap":{"0":{"loc":{"start":{"line":9,"column":14},"end":{"line":9,"column":24}},"type":"binary-expr","locations":[{"start":{"line":9,"column":14},"end":{"line":9,"column":18}},{"start":{"line":9,"column":22},"end":{"line":9,"column":24}}],"line":9},"1":{"loc":{"start":{"line":13,"column":22},"end":{"line":13,"column":60}},"type":"binary-expr","locations":[{"start":{"line":13,"column":22},"end":{"line":13,"column":32}},{"start":{"line":13,"column":36},"end":{"line":13,"column":60}}],"line":13},"2":{"loc":{"start":{"line":14,"column":22},"end":{"line":14,"column":60}},"type":"binary-expr","locations":[{"start":{"line":14,"column":22},"end":{"line":14,"column":32}},{"start":{"line":14,"column":36},"end":{"line":14,"column":60}}],"line":14},"3":{"loc":{"start":{"line":51,"column":4},"end":{"line":53,"column":5}},"type":"if","locations":[{"start":{"line":51,"column":4},"end":{"line":53,"column":5}},{"start":{},"end":{}}],"line":51}},"s":{"0":3,"1":3,"2":3,"3":3,"4":3,"5":3,"6":0,"7":1,"8":1,"9":1,"10":1,"11":1,"12":0,"13":0,"14":0,"15":1,"16":0,"17":1,"18":0},"f":{"0":3,"1":0,"2":1,"3":1,"4":1,"5":1,"6":0,"7":0,"8":1,"9":0},"b":{"0":[3,3],"1":[3,2],"2":[3,2],"3":[0,1]},"_coverageSchema":"1a1c01bbd47fc00a2c39e90264f33305004495a9","hash":"545b177a291577688017522939b991b6af5f910e"}
}
