TN:
SF:src/app.js
FNF:0
FNH:0
DA:4,3
DA:5,3
DA:6,3
LF:3
LH:3
BRF:0
BRH:0
end_of_record
TN:
SF:src/controllers/autoresController.js
FN:4,(anonymous_0)
FN:13,(anonymous_1)
FN:23,(anonymous_2)
FN:42,(anonymous_3)
FN:57,(anonymous_4)
FN:67,(anonymous_5)
FNF:6
FNH:5
FNDA:1,(anonymous_0)
FNDA:1,(anonymous_1)
FNDA:2,(anonymous_2)
FNDA:2,(anonymous_3)
FNDA:1,(anonymous_4)
FNDA:0,(anonymous_5)
DA:4,3
DA:5,1
DA:6,1
DA:7,1
DA:9,0
DA:13,3
DA:14,1
DA:15,1
DA:16,1
DA:17,1
DA:19,0
DA:23,3
DA:24,2
DA:25,2
DA:26,2
DA:27,2
DA:28,1
DA:30,1
DA:31,1
DA:35,1
DA:36,1
DA:38,0
DA:42,3
DA:43,2
DA:44,2
DA:45,2
DA:46,2
DA:47,2
DA:48,2
DA:49,2
DA:53,0
DA:57,3
DA:58,1
DA:59,1
DA:60,1
DA:61,1
DA:63,0
DA:67,3
DA:68,0
DA:69,0
DA:70,0
DA:71,0
DA:72,0
DA:74,0
LF:44
LH:33
BRDA:27,0,0,1
BRDA:27,0,1,1
BRDA:35,1,0,1
BRDA:35,1,1,0
BRF:4
BRH:3
end_of_record
TN:
SF:src/controllers/editorasController.js
FN:4,(anonymous_0)
FN:13,(anonymous_1)
FN:23,(anonymous_2)
FN:42,(anonymous_3)
FN:57,(anonymous_4)
FN:67,(anonymous_5)
FNF:6
FNH:5
FNDA:1,(anonymous_0)
FNDA:1,(anonymous_1)
FNDA:2,(anonymous_2)
FNDA:3,(anonymous_3)
FNDA:1,(anonymous_4)
FNDA:0,(anonymous_5)
DA:4,3
DA:5,1
DA:6,1
DA:7,1
DA:9,0
DA:13,3
DA:14,1
DA:15,1
DA:16,1
DA:17,1
DA:19,0
DA:23,3
DA:24,2
DA:25,2
DA:26,2
DA:27,2
DA:28,1
DA:30,1
DA:31,1
DA:35,1
DA:36,1
DA:38,0
DA:42,3
DA:43,3
DA:44,3
DA:45,3
DA:46,3
DA:47,3
DA:48,3
DA:49,3
DA:53,0
DA:57,3
DA:58,1
DA:59,1
DA:60,1
DA:61,1
DA:63,0
DA:67,3
DA:68,0
DA:69,0
DA:70,0
DA:71,0
DA:72,0
DA:76,0
LF:44
LH:33
BRDA:27,0,0,1
BRDA:27,0,1,1
BRDA:35,1,0,1
BRDA:35,1,1,0
BRF:4
BRH:3
end_of_record
TN:
SF:src/controllers/livrosController.js
FN:4,(anonymous_0)
FN:13,(anonymous_1)
FN:23,(anonymous_2)
FN:42,(anonymous_3)
FN:57,(anonymous_4)
FNF:5
FNH:5
FNDA:1,(anonymous_0)
FNDA:1,(anonymous_1)
FNDA:2,(anonymous_2)
FNDA:4,(anonymous_3)
FNDA:1,(anonymous_4)
DA:4,3
DA:5,1
DA:6,1
DA:7,1
DA:9,0
DA:13,3
DA:14,1
DA:15,1
DA:16,1
DA:17,1
DA:19,0
DA:23,3
DA:24,2
DA:25,2
DA:26,2
DA:27,2
DA:28,1
DA:30,1
DA:31,1
DA:35,1
DA:36,1
DA:38,0
DA:42,3
DA:43,4
DA:44,4
DA:45,4
DA:46,4
DA:47,4
DA:48,4
DA:49,4
DA:53,0
DA:57,3
DA:58,1
DA:59,1
DA:60,1
DA:61,1
DA:63,0
LF:37
LH:32
BRDA:27,0,0,1
BRDA:27,0,1,1
BRDA:35,1,0,1
BRDA:35,1,1,0
BRF:4
BRH:3
end_of_record
TN:
SF:src/db/dbconfig.js
FNF:0
FNH:0
DA:5,6
DA:6,6
DA:8,6
LF:3
LH:3
BRF:0
BRH:0
end_of_record
TN:
SF:src/models/autor.js
FN:6,(anonymous_0)
FN:16,(anonymous_1)
FN:20,(anonymous_2)
FN:25,(anonymous_3)
FN:28,(anonymous_4)
FN:29,(anonymous_5)
FN:32,(anonymous_6)
FN:41,(anonymous_7)
FN:46,(anonymous_8)
FN:58,(anonymous_9)
FNF:10
FNH:9
FNDA:7,(anonymous_0)
FNDA:1,(anonymous_1)
FNDA:3,(anonymous_2)
FNDA:1,(anonymous_3)
FNDA:1,(anonymous_4)
FNDA:1,(anonymous_5)
FNDA:2,(anonymous_6)
FNDA:1,(anonymous_7)
FNDA:3,(anonymous_8)
FNDA:0,(anonymous_9)
DA:9,7
DA:10,7
DA:11,7
DA:12,7
DA:13,7
DA:17,1
DA:21,3
DA:22,3
DA:26,1
DA:28,1
DA:29,1
DA:34,2
DA:38,2
DA:43,1
DA:50,3
DA:51,2
DA:52,2
DA:54,1
DA:55,1
DA:59,0
LF:20
LH:19
BRDA:9,0,0,7
BRDA:9,0,1,7
BRDA:12,1,0,7
BRDA:12,1,1,4
BRDA:13,2,0,7
BRDA:13,2,1,4
BRDA:50,3,0,2
BRDA:50,3,1,1
BRF:8
BRH:8
end_of_record
TN:
SF:src/models/editora.js
FN:6,(anonymous_0)
FN:17,(anonymous_1)
FN:21,(anonymous_2)
FN:26,(anonymous_3)
FN:29,(anonymous_4)
FN:30,(anonymous_5)
FN:33,(anonymous_6)
FN:42,(anonymous_7)
FN:47,(anonymous_8)
FN:57,(anonymous_9)
FNF:10
FNH:9
FNDA:8,(anonymous_0)
FNDA:1,(anonymous_1)
FNDA:4,(anonymous_2)
FNDA:1,(anonymous_3)
FNDA:1,(anonymous_4)
FNDA:1,(anonymous_5)
FNDA:3,(anonymous_6)
FNDA:1,(anonymous_7)
FNDA:4,(anonymous_8)
FNDA:0,(anonymous_9)
DA:9,8
DA:10,8
DA:11,8
DA:12,8
DA:13,8
DA:14,8
DA:18,1
DA:22,4
DA:23,4
DA:27,1
DA:29,1
DA:30,1
DA:35,3
DA:39,3
DA:44,1
DA:51,4
DA:52,3
DA:54,1
DA:58,0
LF:19
LH:18
BRDA:9,0,0,8
BRDA:9,0,1,8
BRDA:13,1,0,8
BRDA:13,1,1,4
BRDA:14,2,0,8
BRDA:14,2,1,4
BRDA:51,3,0,3
BRDA:51,3,1,1
BRF:8
BRH:8
end_of_record
TN:
SF:src/models/livro.js
FN:6,(anonymous_0)
FN:24,(anonymous_1)
FN:28,(anonymous_2)
FN:33,(anonymous_3)
FN:36,(anonymous_4)
FN:37,(anonymous_5)
FN:40,(anonymous_6)
FN:49,(anonymous_7)
FN:54,(anonymous_8)
FNF:9
FNH:9
FNDA:9,(anonymous_0)
FNDA:1,(anonymous_1)
FNDA:5,(anonymous_2)
FNDA:1,(anonymous_3)
FNDA:1,(anonymous_4)
FNDA:1,(anonymous_5)
FNDA:4,(anonymous_6)
FNDA:1,(anonymous_7)
FNDA:5,(anonymous_8)
DA:15,9
DA:16,9
DA:17,9
DA:18,9
DA:19,9
DA:20,9
DA:21,9
DA:25,1
DA:29,5
DA:30,5
DA:34,1
DA:36,1
DA:37,1
DA:42,4
DA:46,4
DA:51,1
DA:58,5
DA:59,4
DA:60,4
DA:62,1
DA:63,1
LF:21
LH:21
BRDA:15,0,0,9
BRDA:15,0,1,9
BRDA:20,1,0,9
BRDA:20,1,1,4
BRDA:21,2,0,9
BRDA:21,2,1,4
BRDA:58,3,0,4
BRDA:58,3,1,1
BRF:8
BRH:8
end_of_record
TN:
SF:src/routes/autoresRoutes.js
FNF:0
FNH:0
DA:4,3
DA:6,3
LF:2
LH:2
BRF:0
BRH:0
end_of_record
TN:
SF:src/routes/editorasRoutes.js
FNF:0
FNH:0
DA:4,3
DA:6,3
LF:2
LH:2
BRF:0
BRH:0
end_of_record
TN:
SF:src/routes/index.js
FN:6,(anonymous_0)
FN:7,(anonymous_1)
FNF:2
FNH:1
FNDA:3,(anonymous_0)
FNDA:0,(anonymous_1)
DA:6,3
DA:7,3
DA:8,0
DA:11,3
LF:4
LH:3
BRF:0
BRH:0
end_of_record
TN:
SF:src/routes/livrosRoutes.js
FNF:0
FNH:0
DA:4,3
DA:6,3
LF:2
LH:2
BRF:0
BRH:0
end_of_record
